0 info it worked if it ends with ok
1 verbose cli [ 'C:\\Program Files\\nodejs\\node.exe',
1 verbose cli   'C:\\Users\\lisg1\\AppData\\Roaming\\npm\\node_modules\\npm\\bin\\npm-cli.js',
1 verbose cli   'run',
1 verbose cli   'lite' ]
2 info using npm@3.10.9
3 info using node@v6.9.1
4 verbose run-script [ 'prelite', 'lite', 'postlite' ]
5 info lifecycle law-company@1.0.0~prelite: law-company@1.0.0
6 silly lifecycle law-company@1.0.0~prelite: no script for prelite, continuing
7 info lifecycle law-company@1.0.0~lite: law-company@1.0.0
8 verbose lifecycle law-company@1.0.0~lite: unsafe-perm in lifecycle true
9 verbose lifecycle law-company@1.0.0~lite: PATH: C:\Users\lisg1\AppData\Roaming\npm\node_modules\npm\bin\node-gyp-bin;D:\WORK\Portfolio\Project 5 Speed Test\node_modules\.bin;C:\Users\lisg1\bin;C:\Program Files\Git\mingw64\bin;C:\Program Files\Git\usr\local\bin;C:\Program Files\Git\usr\bin;C:\Program Files\Git\usr\bin;C:\Program Files\Git\mingw64\bin;C:\Program Files\Git\usr\bin;C:\Users\lisg1\bin;C:\Windows\system32;C:\Windows;C:\Windows\System32\Wbem;C:\Windows\System32\WindowsPowerShell\v1.0;C:\Program Files\Git\cmd;C:\Program Files\Intel\WiFi\bin;C:\Program Files\Common Files\Intel\WirelessCommon;C:\Program Files (x86)\Skype\Phone;C:\Program Files (x86)\Windows Kits\8.1\Windows Performance Toolkit;C:\Program Files\nodejs;C:\Program Files (x86)\Brackets\command;C:\Users\lisg1\AppData\Local\Microsoft\WindowsApps;C:\Program Files\Intel\WiFi\bin;C:\Program Files\Common Files\Intel\WirelessCommon;C:\Users\lisg1\AppData\Roaming\npm;C:\Program Files (x86)\Microsoft VS Code\bin;C:\Program Files\Git\usr\bin\vendor_perl;C:\Program Files\Git\usr\bin\core_perl
10 verbose lifecycle law-company@1.0.0~lite: CWD: D:\WORK\Portfolio\Project 5 Speed Test
11 silly lifecycle law-company@1.0.0~lite: Args: [ '/d /s /c', 'lite-server' ]
12 silly lifecycle law-company@1.0.0~lite: Returned: code: 3221225786  signal: null
13 info lifecycle law-company@1.0.0~lite: Failed to exec lite script
14 verbose stack Error: law-company@1.0.0 lite: `lite-server`
14 verbose stack Exit status 3221225786
14 verbose stack     at EventEmitter.<anonymous> (C:\Users\lisg1\AppData\Roaming\npm\node_modules\npm\lib\utils\lifecycle.js:255:16)
14 verbose stack     at emitTwo (events.js:106:13)
14 verbose stack     at EventEmitter.emit (events.js:191:7)
14 verbose stack     at ChildProcess.<anonymous> (C:\Users\lisg1\AppData\Roaming\npm\node_modules\npm\lib\utils\spawn.js:40:14)
14 verbose stack     at emitTwo (events.js:106:13)
14 verbose stack     at ChildProcess.emit (events.js:191:7)
14 verbose stack     at maybeClose (internal/child_process.js:877:16)
14 verbose stack     at Process.ChildProcess._handle.onexit (internal/child_process.js:226:5)
15 verbose pkgid law-company@1.0.0
16 verbose cwd D:\WORK\Portfolio\Project 5 Speed Test
17 error Windows_NT 10.0.14393
18 error argv "C:\\Program Files\\nodejs\\node.exe" "C:\\Users\\lisg1\\AppData\\Roaming\\npm\\node_modules\\npm\\bin\\npm-cli.js" "run" "lite"
19 error node v6.9.1
20 error npm  v3.10.9
21 error code ELIFECYCLE
22 error law-company@1.0.0 lite: `lite-server`
22 error Exit status 3221225786
23 error Failed at the law-company@1.0.0 lite script 'lite-server'.
23 error Make sure you have the latest version of node.js and npm installed.
23 error If you do, this is most likely a problem with the law-company package,
23 error not with npm itself.
23 error Tell the author that this fails on your system:
23 error     lite-server
23 error You can get information on how to open an issue for this project with:
23 error     npm bugs law-company
23 error Or if that isn't available, you can get their info via:
23 error     npm owner ls law-company
23 error There is likely additional logging output above.
24 verbose exit [ 1, true ]
